<?xml version="1.0" encoding="UTF-8"?>
<!-- Generated by org.testng.reporters.JUnitReportReporter -->
<testsuite hostname="WS-20113" failures="0" tests="8" name="com.netcracker.shaw.TechRetryCases" time="1059.751" errors="0" timestamp="2022-12-27T18:47:23 IST" skipped="7">
  <testcase classname="com.netcracker.shaw.TechRetryCases" name="Error_Format_HPESA_Fails_IntPhTV_NewCust_TechRetry_SameSlNbr" time="1059.751"/>
  <system-out/>
  <testcase classname="com.netcracker.shaw.TechRetryCases" name="TechRetry_PhoneFail">
    <skipped/>
  </testcase> <!-- TechRetry_PhoneFail -->
  <system-out/>
  <testcase classname="com.netcracker.shaw.TechRetryCases" name="TechRetry_diff_SlNos_Bluesky_gateway_Portal_provis_fails">
    <skipped/>
  </testcase> <!-- TechRetry_diff_SlNos_Bluesky_gateway_Portal_provis_fails -->
  <system-out/>
  <testcase classname="com.netcracker.shaw.TechRetryCases" name="TechRetry_InternetFail_Phone_Success_SameSlNo">
    <skipped/>
  </testcase> <!-- TechRetry_InternetFail_Phone_Success_SameSlNo -->
  <system-out/>
  <testcase classname="com.netcracker.shaw.TechRetryCases" name="Iterations_TechRetry_swap_Convrgd_PhInt">
    <skipped/>
  </testcase> <!-- Iterations_TechRetry_swap_Convrgd_PhInt -->
  <system-out/>
  <testcase classname="com.netcracker.shaw.TechRetryCases" name="TechRetry_Pending_Install_WithXB6_BlueSky_SameSlNo">
    <skipped/>
  </testcase> <!-- TechRetry_Pending_Install_WithXB6_BlueSky_SameSlNo -->
  <system-out/>
  <testcase classname="com.netcracker.shaw.TechRetryCases" name="TechRetry_diff_device_provis_failed_swap_conved_PhInt">
    <skipped/>
  </testcase> <!-- TechRetry_diff_device_provis_failed_swap_conved_PhInt -->
  <system-out/>
  <testcase classname="com.netcracker.shaw.TechRetryCases" name="TechRetry_Hardware_Swap_DPT_Hitron_LegacyTV">
    <skipped/>
  </testcase> <!-- TechRetry_Hardware_Swap_DPT_Hitron_LegacyTV -->
  <system-out/>
</testsuite> <!-- com.netcracker.shaw.TechRetryCases -->
