<?xml version="1.0" encoding="UTF-8"?>
<!-- Generated by org.testng.reporters.JUnitReportReporter -->
<testsuite hostname="ws-16393" failures="0" tests="14" name="com.netcracker.shaw.InflightCases" time="778.340" errors="0" timestamp="2023-03-03T11:56:30 IST" skipped="13">
  <testcase classname="com.netcracker.shaw.InflightCases" name="Inflight_Modify_New_Install_Order" time="778.340"/>
  <system-out/>
  <testcase classname="com.netcracker.shaw.InflightCases" name="DoNotAutoCancel_Inflight_Modify_DirectFulfilment_HWRecall_ForIntLOB">
    <skipped/>
  </testcase> <!-- DoNotAutoCancel_Inflight_Modify_DirectFulfilment_HWRecall_ForIntLOB -->
  <system-out/>
  <testcase classname="com.netcracker.shaw.InflightCases" name="Inflight_Cancel_existing_account_with_pending_order">
    <skipped/>
  </testcase> <!-- Inflight_Cancel_existing_account_with_pending_order -->
  <system-out/>
  <testcase classname="com.netcracker.shaw.InflightCases" name="Inflight_Modify_Changing_InstallType_Retail_Pickup">
    <skipped/>
  </testcase> <!-- Inflight_Modify_Changing_InstallType_Retail_Pickup -->
  <system-out/>
  <testcase classname="com.netcracker.shaw.InflightCases" name="Inflight_Removing_BlueSKYTV_XB6_PremiseMove_CGY_CGY_WithGap">
    <skipped/>
  </testcase> <!-- Inflight_Removing_BlueSKYTV_XB6_PremiseMove_CGY_CGY_WithGap -->
  <system-out/>
  <testcase classname="com.netcracker.shaw.InflightCases" name="Inflight_Modify_Wifi_Fail">
    <skipped/>
  </testcase> <!-- Inflight_Modify_Wifi_Fail -->
  <system-out/>
  <testcase classname="com.netcracker.shaw.InflightCases" name="Inflight_Modify_Pending_Install_Account">
    <skipped/>
  </testcase> <!-- Inflight_Modify_Pending_Install_Account -->
  <system-out/>
  <testcase classname="com.netcracker.shaw.InflightCases" name="InFlight_Remove_Internet">
    <skipped/>
  </testcase> <!-- InFlight_Remove_Internet -->
  <system-out/>
  <testcase classname="com.netcracker.shaw.InflightCases" name="Inflight_Cancel_Activation_PremiseMove_Order">
    <skipped/>
  </testcase> <!-- Inflight_Cancel_Activation_PremiseMove_Order -->
  <system-out/>
  <testcase classname="com.netcracker.shaw.InflightCases" name="Generate_Store_Task_Should_Not_Fail_InFlight">
    <skipped/>
  </testcase> <!-- Generate_Store_Task_Should_Not_Fail_InFlight -->
  <system-out/>
  <testcase classname="com.netcracker.shaw.InflightCases" name="Inflight_Modify_Existing_Active_Order">
    <skipped/>
  </testcase> <!-- Inflight_Modify_Existing_Active_Order -->
  <system-out/>
  <testcase classname="com.netcracker.shaw.InflightCases" name="Inflight_Cancel">
    <skipped/>
  </testcase> <!-- Inflight_Cancel -->
  <system-out/>
  <testcase classname="com.netcracker.shaw.InflightCases" name="AutoCancel_AfterXDays_NewOrder_RetailPickup_Yes">
    <skipped/>
  </testcase> <!-- AutoCancel_AfterXDays_NewOrder_RetailPickup_Yes -->
  <system-out/>
  <testcase classname="com.netcracker.shaw.InflightCases" name="Inflight_Modify_Addition_Phone_Jack">
    <skipped/>
  </testcase> <!-- Inflight_Modify_Addition_Phone_Jack -->
  <system-out/>
</testsuite> <!-- com.netcracker.shaw.InflightCases -->
