<?xml version="1.0" encoding="UTF-8"?>
<!-- Generated by org.testng.reporters.JUnitReportReporter -->
<testsuite hostname="ws-16393" failures="1" tests="29" name="com.netcracker.shaw.ModifyCases" time="103.012" errors="0" timestamp="2023-03-03T14:50:04 IST" skipped="28">
  <testcase classname="com.netcracker.shaw.ModifyCases" name="Validate_Residental_to_Tenant_Account_Type_Change_during_Modify" time="103.012">
    <failure message="element click intercepted: Element &lt;input c=&quot;UITextInput&quot; maxlength=&quot;15&quot; tabindex=&quot;4&quot; enabledchars=&quot;[a-zA-Z \-&#039;]&quot; style=&quot;width:240px;&quot; id=&quot;customer-first-name_main&quot; type=&quot;text&quot; class=&quot;UITextInput&quot; value=&quot;&quot;&gt; is not clickable at point (368, 202). Other element would receive the click: &lt;div class=&quot;shadowDiv&quot; style=&quot;display: block; z-index: 999; width: 1280px; height: 564px;&quot;&gt;&lt;/div&gt;
  (Session info: chrome=110.0.5481.178)
Build info: version: &#039;3.141.59&#039;, revision: &#039;e82be7d358&#039;, time: &#039;2018-11-14T08:25:53&#039;
System info: host: &#039;WS-16393&#039;, ip: &#039;10.236.177.81&#039;, os.name: &#039;Windows 10&#039;, os.arch: &#039;amd64&#039;, os.version: &#039;10.0&#039;, java.version: &#039;16.0.2&#039;
Driver info: org.openqa.selenium.chrome.ChromeDriver
Capabilities {acceptInsecureCerts: false, browserName: chrome, browserVersion: 110.0.5481.178, chrome: {chromedriverVersion: 109.0.5414.74 (e7c5703604da..., userDataDir: C:\Users\vosn0721\AppData\L...}, goog:chromeOptions: {debuggerAddress: localhost:55560}, javascriptEnabled: true, networkConnectionEnabled: false, pageLoadStrategy: normal, platform: WINDOWS, platformName: WINDOWS, proxy: Proxy(), setWindowRect: true, strictFileInteractability: false, timeouts: {implicit: 0, pageLoad: 300000, script: 30000}, unhandledPromptBehavior: dismiss and notify, webauthn:extension:credBlob: true, webauthn:extension:largeBlob: true, webauthn:virtualAuthenticators: true}
Session ID: 30334a67ea1ce7d8367f3438c73800b3 expected [true] but found [false]" type="java.lang.AssertionError">
      <![CDATA[java.lang.AssertionError: element click intercepted: Element <input c="UITextInput" maxlength="15" tabindex="4" enabledchars="[a-zA-Z \-']" style="width:240px;" id="customer-first-name_main" type="text" class="UITextInput" value=""> is not clickable at point (368, 202). Other element would receive the click: <div class="shadowDiv" style="display: block; z-index: 999; width: 1280px; height: 564px;"></div>
  (Session info: chrome=110.0.5481.178)
Build info: version: '3.141.59', revision: 'e82be7d358', time: '2018-11-14T08:25:53'
System info: host: 'WS-16393', ip: '10.236.177.81', os.name: 'Windows 10', os.arch: 'amd64', os.version: '10.0', java.version: '16.0.2'
Driver info: org.openqa.selenium.chrome.ChromeDriver
Capabilities {acceptInsecureCerts: false, browserName: chrome, browserVersion: 110.0.5481.178, chrome: {chromedriverVersion: 109.0.5414.74 (e7c5703604da..., userDataDir: C:\Users\vosn0721\AppData\L...}, goog:chromeOptions: {debuggerAddress: localhost:55560}, javascriptEnabled: true, networkConnectionEnabled: false, pageLoadStrategy: normal, platform: WINDOWS, platformName: WINDOWS, proxy: Proxy(), setWindowRect: true, strictFileInteractability: false, timeouts: {implicit: 0, pageLoad: 300000, script: 30000}, unhandledPromptBehavior: dismiss and notify, webauthn:extension:credBlob: true, webauthn:extension:largeBlob: true, webauthn:virtualAuthenticators: true}
Session ID: 30334a67ea1ce7d8367f3438c73800b3 expected [true] but found [false]
at org.testng.Assert.fail(Assert.java:99)
at org.testng.Assert.failNotEquals(Assert.java:1037)
at org.testng.Assert.assertTrue(Assert.java:45)
at com.netcracker.shaw.at_shaw_sd.pageobject.OrderCreationPage.mduCustomerInformation(OrderCreationPage.java:383)
at com.netcracker.shaw.ModifyCases.Validate_Residental_to_Tenant_Account_Type_Change_during_Modify(ModifyCases.java:5222)
at java.base/jdk.internal.reflect.NativeMethodAccessorImpl.invoke0(Native Method)
at java.base/jdk.internal.reflect.NativeMethodAccessorImpl.invoke(NativeMethodAccessorImpl.java:78)
at java.base/jdk.internal.reflect.DelegatingMethodAccessorImpl.invoke(DelegatingMethodAccessorImpl.java:43)
at java.base/java.lang.reflect.Method.invoke(Method.java:567)
at org.testng.internal.MethodInvocationHelper.invokeMethod(MethodInvocationHelper.java:133)
at org.testng.internal.TestInvoker.invokeMethod(TestInvoker.java:598)
at org.testng.internal.TestInvoker.invokeTestMethod(TestInvoker.java:173)
at org.testng.internal.MethodRunner.runInSequence(MethodRunner.java:46)
at org.testng.internal.TestInvoker$MethodInvocationAgent.invoke(TestInvoker.java:824)
at org.testng.internal.TestInvoker.invokeTestMethods(TestInvoker.java:146)
at org.testng.internal.TestMethodWorker.invokeTestMethods(TestMethodWorker.java:146)
at org.testng.internal.TestMethodWorker.run(TestMethodWorker.java:128)
at java.base/java.util.ArrayList.forEach(ArrayList.java:1511)
at org.testng.TestRunner.privateRun(TestRunner.java:794)
at org.testng.TestRunner.run(TestRunner.java:596)
at org.testng.SuiteRunner.runTest(SuiteRunner.java:377)
at org.testng.SuiteRunner.runSequentially(SuiteRunner.java:371)
at org.testng.SuiteRunner.privateRun(SuiteRunner.java:332)
at org.testng.SuiteRunner.run(SuiteRunner.java:276)
at org.testng.SuiteRunnerWorker.runSuite(SuiteRunnerWorker.java:53)
at org.testng.SuiteRunnerWorker.run(SuiteRunnerWorker.java:96)
at org.testng.TestNG.runSuitesSequentially(TestNG.java:1212)
at org.testng.TestNG.runSuitesLocally(TestNG.java:1134)
at org.testng.TestNG.runSuites(TestNG.java:1063)
at org.testng.TestNG.run(TestNG.java:1031)
at org.testng.remote.AbstractRemoteTestNG.run(AbstractRemoteTestNG.java:115)
at org.testng.remote.RemoteTestNG.initAndRun(RemoteTestNG.java:251)
at org.testng.remote.RemoteTestNG.main(RemoteTestNG.java:77)
]]>
    </failure>
  </testcase> <!-- Validate_Residental_to_Tenant_Account_Type_Change_during_Modify -->
  <system-out/>
  <testcase classname="com.netcracker.shaw.ModifyCases" name="Changing_NativeTN_NativeTN_Converged">
    <skipped/>
  </testcase> <!-- Changing_NativeTN_NativeTN_Converged -->
  <system-out/>
  <testcase classname="com.netcracker.shaw.ModifyCases" name="Modify_DCX_to_BlueSky">
    <skipped/>
  </testcase> <!-- Modify_DCX_to_BlueSky -->
  <system-out/>
  <testcase classname="com.netcracker.shaw.ModifyCases" name="Addition_Secondary_PhoneLine_XB6_converged">
    <skipped/>
  </testcase> <!-- Addition_Secondary_PhoneLine_XB6_converged -->
  <system-out/>
  <testcase classname="com.netcracker.shaw.ModifyCases" name="Addition_Secondary_PhoneLine_XB6_DPT">
    <skipped/>
  </testcase> <!-- Addition_Secondary_PhoneLine_XB6_DPT -->
  <system-out/>
  <testcase classname="com.netcracker.shaw.ModifyCases" name="Failure_FFMcall_Failure_Service_Call_Booking_Modify">
    <skipped/>
  </testcase> <!-- Failure_FFMcall_Failure_Service_Call_Booking_Modify -->
  <system-out/>
  <testcase classname="com.netcracker.shaw.ModifyCases" name="Add_Purchased_XPOD_Package_Exisitng_Customer">
    <skipped/>
  </testcase> <!-- Add_Purchased_XPOD_Package_Exisitng_Customer -->
  <system-out/>
  <testcase classname="com.netcracker.shaw.ModifyCases" name="Remove_Email_Hitron_Device">
    <skipped/>
  </testcase> <!-- Remove_Email_Hitron_Device -->
  <system-out/>
  <testcase classname="com.netcracker.shaw.ModifyCases" name="TN_change_Ported_To_Native_with_XB6_Converged">
    <skipped/>
  </testcase> <!-- TN_change_Ported_To_Native_with_XB6_Converged -->
  <system-out/>
  <testcase classname="com.netcracker.shaw.ModifyCases" name="AddRemove_channels_BlueSKY_TV">
    <skipped/>
  </testcase> <!-- AddRemove_channels_BlueSKY_TV -->
  <system-out/>
  <testcase classname="com.netcracker.shaw.ModifyCases" name="Preferred_Payment_Modify">
    <skipped/>
  </testcase> <!-- Preferred_Payment_Modify -->
  <system-out/>
  <testcase classname="com.netcracker.shaw.ModifyCases" name="Modify_Internet75_to_Internet150_With_XB6">
    <skipped/>
  </testcase> <!-- Modify_Internet75_to_Internet150_With_XB6 -->
  <system-out/>
  <testcase classname="com.netcracker.shaw.ModifyCases" name="DPT_to_XB6_Converged">
    <skipped/>
  </testcase> <!-- DPT_to_XB6_Converged -->
  <system-out/>
  <testcase classname="com.netcracker.shaw.ModifyCases" name="Changing_NativeTN_NativeTN_DPT">
    <skipped/>
  </testcase> <!-- Changing_NativeTN_NativeTN_DPT -->
  <system-out/>
  <testcase classname="com.netcracker.shaw.ModifyCases" name="Modification_Existing_Account_Fiber_Modem">
    <skipped/>
  </testcase> <!-- Modification_Existing_Account_Fiber_Modem -->
  <system-out/>
  <testcase classname="com.netcracker.shaw.ModifyCases" name="DowngradeTV_Pramotion_Expiring_Nextbill_Cycle">
    <skipped/>
  </testcase> <!-- DowngradeTV_Pramotion_Expiring_Nextbill_Cycle -->
  <system-out/>
  <testcase classname="com.netcracker.shaw.ModifyCases" name="Validate_Tenant_to_Residential_Account_Type_Change_during_Modify">
    <skipped/>
  </testcase> <!-- Validate_Tenant_to_Residential_Account_Type_Change_during_Modify -->
  <system-out/>
  <testcase classname="com.netcracker.shaw.ModifyCases" name="Downgrading_TotalTV_to_LimitedTV_with_BlueSky">
    <skipped/>
  </testcase> <!-- Downgrading_TotalTV_to_LimitedTV_with_BlueSky -->
  <system-out/>
  <testcase classname="com.netcracker.shaw.ModifyCases" name="Adding_VoiceMail_DistinctiveRing_account_with_DPT">
    <skipped/>
  </testcase> <!-- Adding_VoiceMail_DistinctiveRing_account_with_DPT -->
  <system-out/>
  <testcase classname="com.netcracker.shaw.ModifyCases" name="Downgrade_Internet_To_Affordable">
    <skipped/>
  </testcase> <!-- Downgrade_Internet_To_Affordable -->
  <system-out/>
  <testcase classname="com.netcracker.shaw.ModifyCases" name="Upgrade_TV_offering_Grandfathered_promotion">
    <skipped/>
  </testcase> <!-- Upgrade_TV_offering_Grandfathered_promotion -->
  <system-out/>
  <testcase classname="com.netcracker.shaw.ModifyCases" name="VoiceMail_DistinctiveRing_Converged">
    <skipped/>
  </testcase> <!-- VoiceMail_DistinctiveRing_Converged -->
  <system-out/>
  <testcase classname="com.netcracker.shaw.ModifyCases" name="Changing_Staff_To_Residential_XB6_BlueSky_TV">
    <skipped/>
  </testcase> <!-- Changing_Staff_To_Residential_XB6_BlueSky_TV -->
  <system-out/>
  <testcase classname="com.netcracker.shaw.ModifyCases" name="Changing_Residential_To_Staff_XB6_BlueSky_TV">
    <skipped/>
  </testcase> <!-- Changing_Residential_To_Staff_XB6_BlueSky_TV -->
  <system-out/>
  <testcase classname="com.netcracker.shaw.ModifyCases" name="Adding_Emails_with_XB6_Converged">
    <skipped/>
  </testcase> <!-- Adding_Emails_with_XB6_Converged -->
  <system-out/>
  <testcase classname="com.netcracker.shaw.ModifyCases" name="Cancelling_ReSbmitting_order_XB6_Converged">
    <skipped/>
  </testcase> <!-- Cancelling_ReSbmitting_order_XB6_Converged -->
  <system-out/>
  <testcase classname="com.netcracker.shaw.ModifyCases" name="TN_change_Ported_To_Native_with_DPT">
    <skipped/>
  </testcase> <!-- TN_change_Ported_To_Native_with_DPT -->
  <system-out/>
  <testcase classname="com.netcracker.shaw.ModifyCases" name="Modify_Offering_Tripleplay_Account_Upgrading_Internet_Downgrading_TV">
    <skipped/>
  </testcase> <!-- Modify_Offering_Tripleplay_Account_Upgrading_Internet_Downgrading_TV -->
  <system-out/>
  <testcase classname="com.netcracker.shaw.ModifyCases" name="Modify_Service_Agreement_Service_Agreement_Changes">
    <skipped/>
  </testcase> <!-- Modify_Service_Agreement_Service_Agreement_Changes -->
  <system-out/>
</testsuite> <!-- com.netcracker.shaw.ModifyCases -->
