<?xml version="1.0" encoding="UTF-8"?>
<!-- Generated by org.testng.reporters.JUnitReportReporter -->
<testsuite hostname="WS-20113" failures="0" tests="4" name="com.netcracker.shaw.HardwareSwapCases" time="745.319" errors="0" timestamp="2022-12-27T02:44:34 IST" skipped="3">
  <testcase classname="com.netcracker.shaw.HardwareSwapCases" name="HardwareSwap_From_Immediate_ScenariosTab_BRM_SOA" time="745.319"/>
  <system-out/>
  <testcase classname="com.netcracker.shaw.HardwareSwapCases" name="Tripleplay_DPT_Cisco_legacyTV_Swap_Through_Order_Entry">
    <skipped/>
  </testcase> <!-- Tripleplay_DPT_Cisco_legacyTV_Swap_Through_Order_Entry -->
  <system-out/>
  <testcase classname="com.netcracker.shaw.HardwareSwapCases" name="Triple_Play_Hardware_Swap">
    <skipped/>
  </testcase> <!-- Triple_Play_Hardware_Swap -->
  <system-out/>
  <testcase classname="com.netcracker.shaw.HardwareSwapCases" name="Swap_XB6_Account_xPOD_Package">
    <skipped/>
  </testcase> <!-- Swap_XB6_Account_xPOD_Package -->
  <system-out/>
</testsuite> <!-- com.netcracker.shaw.HardwareSwapCases -->
