<?xml version="1.0" encoding="UTF-8"?>
<!-- Generated by org.testng.reporters.JUnitReportReporter -->
<testsuite hostname="ws-16393" failures="1" tests="9" name="com.netcracker.shaw.PremiseMoveCases" time="2.972" errors="0" timestamp="2023-02-24T12:12:11 IST" skipped="8">
  <testcase classname="com.netcracker.shaw.PremiseMoveCases" name="Validate_Premise_Move_Residental_Account_with_Internet_TV" time="2.972">
    <failure message="null" type="java.lang.AssertionError">
      <![CDATA[java.lang.AssertionError: null
at org.testng.Assert.fail(Assert.java:99)
at org.testng.Assert.fail(Assert.java:106)
at com.netcracker.shaw.PremiseMoveCases.Validate_Premise_Move_Residental_Account_with_Internet_TV(PremiseMoveCases.java:1998)
at java.base/jdk.internal.reflect.NativeMethodAccessorImpl.invoke0(Native Method)
at java.base/jdk.internal.reflect.NativeMethodAccessorImpl.invoke(NativeMethodAccessorImpl.java:78)
at java.base/jdk.internal.reflect.DelegatingMethodAccessorImpl.invoke(DelegatingMethodAccessorImpl.java:43)
at java.base/java.lang.reflect.Method.invoke(Method.java:567)
at org.testng.internal.MethodInvocationHelper.invokeMethod(MethodInvocationHelper.java:133)
at org.testng.internal.TestInvoker.invokeMethod(TestInvoker.java:598)
at org.testng.internal.TestInvoker.invokeTestMethod(TestInvoker.java:173)
at org.testng.internal.MethodRunner.runInSequence(MethodRunner.java:46)
at org.testng.internal.TestInvoker$MethodInvocationAgent.invoke(TestInvoker.java:824)
at org.testng.internal.TestInvoker.invokeTestMethods(TestInvoker.java:146)
at org.testng.internal.TestMethodWorker.invokeTestMethods(TestMethodWorker.java:146)
at org.testng.internal.TestMethodWorker.run(TestMethodWorker.java:128)
at java.base/java.util.ArrayList.forEach(ArrayList.java:1511)
at org.testng.TestRunner.privateRun(TestRunner.java:794)
at org.testng.TestRunner.run(TestRunner.java:596)
at org.testng.SuiteRunner.runTest(SuiteRunner.java:377)
at org.testng.SuiteRunner.runSequentially(SuiteRunner.java:371)
at org.testng.SuiteRunner.privateRun(SuiteRunner.java:332)
at org.testng.SuiteRunner.run(SuiteRunner.java:276)
at org.testng.SuiteRunnerWorker.runSuite(SuiteRunnerWorker.java:53)
at org.testng.SuiteRunnerWorker.run(SuiteRunnerWorker.java:96)
at org.testng.TestNG.runSuitesSequentially(TestNG.java:1212)
at org.testng.TestNG.runSuitesLocally(TestNG.java:1134)
at org.testng.TestNG.runSuites(TestNG.java:1063)
at org.testng.TestNG.run(TestNG.java:1031)
at org.testng.remote.AbstractRemoteTestNG.run(AbstractRemoteTestNG.java:115)
at org.testng.remote.RemoteTestNG.initAndRun(RemoteTestNG.java:251)
at org.testng.remote.RemoteTestNG.main(RemoteTestNG.java:77)
]]>
    </failure>
  </testcase> <!-- Validate_Premise_Move_Residental_Account_with_Internet_TV -->
  <system-out/>
  <testcase classname="com.netcracker.shaw.PremiseMoveCases" name="TriplePlay_PremiseMove_With_XB6_And_BlueSky">
    <skipped/>
  </testcase> <!-- TriplePlay_PremiseMove_With_XB6_And_BlueSky -->
  <system-out/>
  <testcase classname="com.netcracker.shaw.PremiseMoveCases" name="IntraProvince_PremiseMove_CGY_TO_CGY">
    <skipped/>
  </testcase> <!-- IntraProvince_PremiseMove_CGY_TO_CGY -->
  <system-out/>
  <testcase classname="com.netcracker.shaw.PremiseMoveCases" name="Active_xFi_PremiseMove_With_Gap">
    <skipped/>
  </testcase> <!-- Active_xFi_PremiseMove_With_Gap -->
  <system-out/>
  <testcase classname="com.netcracker.shaw.PremiseMoveCases" name="Order_Decomposition_PremiseMove">
    <skipped/>
  </testcase> <!-- Order_Decomposition_PremiseMove -->
  <system-out/>
  <testcase classname="com.netcracker.shaw.PremiseMoveCases" name="Verify_Waitfor_EffectiveDate_Completion_Future_PremiseMove_Order">
    <skipped/>
  </testcase> <!-- Verify_Waitfor_EffectiveDate_Completion_Future_PremiseMove_Order -->
  <system-out/>
  <testcase classname="com.netcracker.shaw.PremiseMoveCases" name="PremiseMove_CGY_Affordable_Internet_TV">
    <skipped/>
  </testcase> <!-- PremiseMove_CGY_Affordable_Internet_TV -->
  <system-out/>
  <testcase classname="com.netcracker.shaw.PremiseMoveCases" name="Verify_AutoResume_YDays_PremiseMove_WithoutGap_Self_Install">
    <skipped/>
  </testcase> <!-- Verify_AutoResume_YDays_PremiseMove_WithoutGap_Self_Install -->
  <system-out/>
  <testcase classname="com.netcracker.shaw.PremiseMoveCases" name="TechSwap_Premise_Move_Modify_Order">
    <skipped/>
  </testcase> <!-- TechSwap_Premise_Move_Modify_Order -->
  <system-out/>
</testsuite> <!-- com.netcracker.shaw.PremiseMoveCases -->
