<?xml version="1.0" encoding="UTF-8"?>
<!-- Generated by org.testng.reporters.JUnitReportReporter -->
<testsuite hostname="ws-16393" failures="1" tests="24" name="com.netcracker.shaw.ActivateCases" time="364.133" errors="0" timestamp="2023-03-02T11:31:53 IST" skipped="23">
  <testcase classname="com.netcracker.shaw.ActivateCases" name="New_ESI_API_Call_To_Retrieve_Email_And_Their_Status_For_Auto_Migration_Order" time="364.133">
    <failure message="null" type="java.lang.AssertionError">
      <![CDATA[java.lang.AssertionError: null
at org.testng.Assert.fail(Assert.java:99)
at org.testng.Assert.fail(Assert.java:106)
at com.netcracker.shaw.at_shaw_sd.pageobject.BasePage.click(BasePage.java:79)
at com.netcracker.shaw.at_shaw_sd.pageobject.OrderCreationPage.CloseCBS(OrderCreationPage.java:10423)
at com.netcracker.shaw.ActivateCases.New_ESI_API_Call_To_Retrieve_Email_And_Their_Status_For_Auto_Migration_Order(ActivateCases.java:3501)
at java.base/jdk.internal.reflect.NativeMethodAccessorImpl.invoke0(Native Method)
at java.base/jdk.internal.reflect.NativeMethodAccessorImpl.invoke(NativeMethodAccessorImpl.java:78)
at java.base/jdk.internal.reflect.DelegatingMethodAccessorImpl.invoke(DelegatingMethodAccessorImpl.java:43)
at java.base/java.lang.reflect.Method.invoke(Method.java:567)
at org.testng.internal.MethodInvocationHelper.invokeMethod(MethodInvocationHelper.java:133)
at org.testng.internal.TestInvoker.invokeMethod(TestInvoker.java:598)
at org.testng.internal.TestInvoker.invokeTestMethod(TestInvoker.java:173)
at org.testng.internal.MethodRunner.runInSequence(MethodRunner.java:46)
at org.testng.internal.TestInvoker$MethodInvocationAgent.invoke(TestInvoker.java:824)
at org.testng.internal.TestInvoker.invokeTestMethods(TestInvoker.java:146)
at org.testng.internal.TestMethodWorker.invokeTestMethods(TestMethodWorker.java:146)
at org.testng.internal.TestMethodWorker.run(TestMethodWorker.java:128)
at java.base/java.util.ArrayList.forEach(ArrayList.java:1511)
at org.testng.TestRunner.privateRun(TestRunner.java:794)
at org.testng.TestRunner.run(TestRunner.java:596)
at org.testng.SuiteRunner.runTest(SuiteRunner.java:377)
at org.testng.SuiteRunner.runSequentially(SuiteRunner.java:371)
at org.testng.SuiteRunner.privateRun(SuiteRunner.java:332)
at org.testng.SuiteRunner.run(SuiteRunner.java:276)
at org.testng.SuiteRunnerWorker.runSuite(SuiteRunnerWorker.java:53)
at org.testng.SuiteRunnerWorker.run(SuiteRunnerWorker.java:96)
at org.testng.TestNG.runSuitesSequentially(TestNG.java:1212)
at org.testng.TestNG.runSuitesLocally(TestNG.java:1134)
at org.testng.TestNG.runSuites(TestNG.java:1063)
at org.testng.TestNG.run(TestNG.java:1031)
at org.testng.remote.AbstractRemoteTestNG.run(AbstractRemoteTestNG.java:115)
at org.testng.remote.RemoteTestNG.initAndRun(RemoteTestNG.java:251)
at org.testng.remote.RemoteTestNG.main(RemoteTestNG.java:77)
]]>
    </failure>
  </testcase> <!-- New_ESI_API_Call_To_Retrieve_Email_And_Their_Status_For_Auto_Migration_Order -->
  <system-out/>
  <testcase classname="com.netcracker.shaw.ActivateCases" name="Activate_Phone_DPT_Internet_Converged">
    <skipped/>
  </testcase> <!-- Activate_Phone_DPT_Internet_Converged -->
  <system-out/>
  <testcase classname="com.netcracker.shaw.ActivateCases" name="Retail_PickUp_Activate_Button">
    <skipped/>
  </testcase> <!-- Retail_PickUp_Activate_Button -->
  <system-out/>
  <testcase classname="com.netcracker.shaw.ActivateCases" name="Validate_Discount_ForNewResidental_Account_with_Internet_TV">
    <skipped/>
  </testcase> <!-- Validate_Discount_ForNewResidental_Account_with_Internet_TV -->
  <system-out/>
  <testcase classname="com.netcracker.shaw.ActivateCases" name="Call_New_ESI_Service_During_Automated_Account_Migration">
    <skipped/>
  </testcase> <!-- Call_New_ESI_Service_During_Automated_Account_Migration -->
  <system-out/>
  <testcase classname="com.netcracker.shaw.ActivateCases" name="Activation_Fiber_Modem">
    <skipped/>
  </testcase> <!-- Activation_Fiber_Modem -->
  <system-out/>
  <testcase classname="com.netcracker.shaw.ActivateCases" name="Activate_Phone_Internet_WithXB6_TV_BlueSkyBox_Portal">
    <skipped/>
  </testcase> <!-- Activate_Phone_Internet_WithXB6_TV_BlueSkyBox_Portal -->
  <system-out/>
  <testcase classname="com.netcracker.shaw.ActivateCases" name="Activate_TV_With_DCT_700_HD_Guide">
    <skipped/>
  </testcase> <!-- Activate_TV_With_DCT_700_HD_Guide -->
  <system-out/>
  <testcase classname="com.netcracker.shaw.ActivateCases" name="Submit_BtnDisplay_While_Adding_AnotherLOB_RetailPickup_Order">
    <skipped/>
  </testcase> <!-- Submit_BtnDisplay_While_Adding_AnotherLOB_RetailPickup_Order -->
  <system-out/>
  <testcase classname="com.netcracker.shaw.ActivateCases" name="Activate_TV_With_BlueSky_Xid_portals">
    <skipped/>
  </testcase> <!-- Activate_TV_With_BlueSky_Xid_portals -->
  <system-out/>
  <testcase classname="com.netcracker.shaw.ActivateCases" name="Activate_DoublePlay_Converged_PhInt">
    <skipped/>
  </testcase> <!-- Activate_DoublePlay_Converged_PhInt -->
  <system-out/>
  <testcase classname="com.netcracker.shaw.ActivateCases" name="New_IntegrationCall_NC_ERP_OrderPlaced_Multiple_TVDevices">
    <skipped/>
  </testcase> <!-- New_IntegrationCall_NC_ERP_OrderPlaced_Multiple_TVDevices -->
  <system-out/>
  <testcase classname="com.netcracker.shaw.ActivateCases" name="Activate_InternetConverged_TV_Bluesky">
    <skipped/>
  </testcase> <!-- Activate_InternetConverged_TV_Bluesky -->
  <system-out/>
  <testcase classname="com.netcracker.shaw.ActivateCases" name="Activate_TV_With_Moxi_Gateway">
    <skipped/>
  </testcase> <!-- Activate_TV_With_Moxi_Gateway -->
  <system-out/>
  <testcase classname="com.netcracker.shaw.ActivateCases" name="Future_TriplePlay_DPT_Hitron_Moxi_AddPromos_Coupon">
    <skipped/>
  </testcase> <!-- Future_TriplePlay_DPT_Hitron_Moxi_AddPromos_Coupon -->
  <system-out/>
  <testcase classname="com.netcracker.shaw.ActivateCases" name="Future_Install_Order_Fiber_Modem">
    <skipped/>
  </testcase> <!-- Future_Install_Order_Fiber_Modem -->
  <system-out/>
  <testcase classname="com.netcracker.shaw.ActivateCases" name="OE_Assign_DRs_Primary_And_Secondary_Line_To_Respective_Phone_Lines_When_TN_Inventory_API_Returns_Success_Response">
    <skipped/>
  </testcase> <!-- OE_Assign_DRs_Primary_And_Secondary_Line_To_Respective_Phone_Lines_When_TN_Inventory_API_Returns_Success_Response -->
  <system-out/>
  <testcase classname="com.netcracker.shaw.ActivateCases" name="VerifySMSNbr_AppoinmentTab_DefaultFee_NewAccount_Creation">
    <skipped/>
  </testcase> <!-- VerifySMSNbr_AppoinmentTab_DefaultFee_NewAccount_Creation -->
  <system-out/>
  <testcase classname="com.netcracker.shaw.ActivateCases" name="Agent_Enters_RentalSN_Purchased_Device">
    <skipped/>
  </testcase> <!-- Agent_Enters_RentalSN_Purchased_Device -->
  <system-out/>
  <testcase classname="com.netcracker.shaw.ActivateCases" name="Activate_SinglePlay_Internet">
    <skipped/>
  </testcase> <!-- Activate_SinglePlay_Internet -->
  <system-out/>
  <testcase classname="com.netcracker.shaw.ActivateCases" name="Tax_exemption_for_TriplePlay_customer">
    <skipped/>
  </testcase> <!-- Tax_exemption_for_TriplePlay_customer -->
  <system-out/>
  <testcase classname="com.netcracker.shaw.ActivateCases" name="Activate_Internet_with_XB6_converged">
    <skipped/>
  </testcase> <!-- Activate_Internet_with_XB6_converged -->
  <system-out/>
  <testcase classname="com.netcracker.shaw.ActivateCases" name="Retail_pickup_XB6_BlueSky_devices">
    <skipped/>
  </testcase> <!-- Retail_pickup_XB6_BlueSky_devices -->
  <system-out/>
  <testcase classname="com.netcracker.shaw.ActivateCases" name="New_Account_Activation_PortedTN_LifelineAlarm_No">
    <skipped/>
  </testcase> <!-- New_Account_Activation_PortedTN_LifelineAlarm_No -->
  <system-out/>
</testsuite> <!-- com.netcracker.shaw.ActivateCases -->
