<?xml version="1.0" encoding="UTF-8"?>
<!-- Generated by org.testng.reporters.JUnitReportReporter -->
<testsuite hostname="WS-20113" failures="0" tests="4" name="com.netcracker.shaw.ImmediateCases" time="463.991" errors="0" timestamp="2022-12-28T10:21:48 IST" skipped="3">
  <testcase classname="com.netcracker.shaw.ImmediateCases" name="Immediate_Scenarios_Add_Email" time="463.991"/>
  <system-out/>
  <testcase classname="com.netcracker.shaw.ImmediateCases" name="Immediate_HW_Reset_Order_DPT_Hitron">
    <skipped/>
  </testcase> <!-- Immediate_HW_Reset_Order_DPT_Hitron -->
  <system-out/>
  <testcase classname="com.netcracker.shaw.ImmediateCases" name="Immediate_Tab_Add_Phone_Features_Exisiting_Cust_Converged">
    <skipped/>
  </testcase> <!-- Immediate_Tab_Add_Phone_Features_Exisiting_Cust_Converged -->
  <system-out/>
  <testcase classname="com.netcracker.shaw.ImmediateCases" name="Immediate_Scenarios_Hardware_Swap">
    <skipped/>
  </testcase> <!-- Immediate_Scenarios_Hardware_Swap -->
  <system-out/>
</testsuite> <!-- com.netcracker.shaw.ImmediateCases -->
