<?xml version="1.0" encoding="UTF-8"?>
<!-- Generated by org.testng.reporters.JUnitReportReporter -->
<testsuite hostname="WS-14652" failures="0" tests="1" name="com.netcracker.shaw.TBAPI" time="10.686" errors="0" timestamp="2022-01-21T12:27:06 IST" skipped="0">
  <testcase classname="com.netcracker.shaw.TBAPI" name="TBAPI_Sanity" time="10.686"/>
  <system-out/>
</testsuite> <!-- com.netcracker.shaw.TBAPI -->
