<?xml version="1.0" encoding="UTF-8"?>
<!-- Generated by org.testng.reporters.JUnitReportReporter -->
<testsuite hostname="WS-20113" failures="0" tests="6" name="com.netcracker.shaw.SuspendCases" time="957.946" errors="0" timestamp="2022-12-27T02:44:34 IST" skipped="5">
  <testcase classname="com.netcracker.shaw.SuspendCases" name="Resumption_AUP_Suspended_TriplePlay_XB6Converged" time="957.946"/>
  <system-out/>
  <testcase classname="com.netcracker.shaw.SuspendCases" name="Suspend_TriplePlay">
    <skipped/>
  </testcase> <!-- Suspend_TriplePlay -->
  <system-out/>
  <testcase classname="com.netcracker.shaw.SuspendCases" name="TCIS_Suspension_TriplePlay_DPT_Hitron_LegacyTV">
    <skipped/>
  </testcase> <!-- TCIS_Suspension_TriplePlay_DPT_Hitron_LegacyTV -->
  <system-out/>
  <testcase classname="com.netcracker.shaw.SuspendCases" name="Suspend_TriplePlay_TCIS">
    <skipped/>
  </testcase> <!-- Suspend_TriplePlay_TCIS -->
  <system-out/>
  <testcase classname="com.netcracker.shaw.SuspendCases" name="Services_Suspend_Provision_CustConfirmation_PremiseMove_withoutGAP">
    <skipped/>
  </testcase> <!-- Services_Suspend_Provision_CustConfirmation_PremiseMove_withoutGAP -->
  <system-out/>
  <testcase classname="com.netcracker.shaw.SuspendCases" name="Suspend_DPT_Hitron_Moxi">
    <skipped/>
  </testcase> <!-- Suspend_DPT_Hitron_Moxi -->
  <system-out/>
</testsuite> <!-- com.netcracker.shaw.SuspendCases -->
