<?xml version="1.0" encoding="UTF-8"?>
<!-- Generated by org.testng.reporters.JUnitReportReporter -->
<testsuite hostname="WS-20113" failures="0" tests="1" name="com.netcracker.shaw.PendingOrderCases" time="1174.842" errors="0" timestamp="2022-12-16T17:28:16 IST" skipped="0">
  <testcase classname="com.netcracker.shaw.PendingOrderCases" name="Pending_Triple_Play_Theme_Channels" time="1174.842"/>
  <system-out/>
</testsuite> <!-- com.netcracker.shaw.PendingOrderCases -->
