<?xml version="1.0" encoding="UTF-8"?>
<!-- Generated by org.testng.reporters.JUnitReportReporter -->
<testsuite hostname="WS-11062" name="com.netcracker.shaw.DirectFulfillmentCases" tests="1" failures="0" timestamp="4 Jan 2021 07:13:15 GMT" time="463.104" errors="0">
  <testcase name="Activate_Standaldone_XB6_internet_via_direct_fullfilment" time="463.104" classname="com.netcracker.shaw.DirectFulfillmentCases"/>
</testsuite> <!-- com.netcracker.shaw.DirectFulfillmentCases -->
