<?xml version="1.0" encoding="UTF-8"?>
<!-- Generated by org.testng.reporters.JUnitReportReporter -->
<testsuite hostname="ws-16393" failures="0" tests="7" name="com.netcracker.shaw.DisconnectCases" time="2295.230" errors="0" timestamp="2023-03-02T16:15:43 IST" skipped="6">
  <testcase classname="com.netcracker.shaw.DisconnectCases" name="Tripleplay_DPT_Phone_perform_Full_Disconnect" time="2295.230"/>
  <system-out/>
  <testcase classname="com.netcracker.shaw.DisconnectCases" name="Validate_New_MC_New_Customer_Hardware_Return">
    <skipped/>
  </testcase> <!-- Validate_New_MC_New_Customer_Hardware_Return -->
  <system-out/>
  <testcase classname="com.netcracker.shaw.DisconnectCases" name="No_Notification_To_ESB_Disconnect_Affordable_Offering">
    <skipped/>
  </testcase> <!-- No_Notification_To_ESB_Disconnect_Affordable_Offering -->
  <system-out/>
  <testcase classname="com.netcracker.shaw.DisconnectCases" name="Disconnect_PhoneLOB_Number_Verification">
    <skipped/>
  </testcase> <!-- Disconnect_PhoneLOB_Number_Verification -->
  <system-out/>
  <testcase classname="com.netcracker.shaw.DisconnectCases" name="Tripleplay_DPT_Cisco_legacyTV_perform_Full_Disconnect">
    <skipped/>
  </testcase> <!-- Tripleplay_DPT_Cisco_legacyTV_perform_Full_Disconnect -->
  <system-out/>
  <testcase classname="com.netcracker.shaw.DisconnectCases" name="TriplePlay_XB6Converged_Bluesky_Disconnect_TVLOB">
    <skipped/>
  </testcase> <!-- TriplePlay_XB6Converged_Bluesky_Disconnect_TVLOB -->
  <system-out/>
  <testcase classname="com.netcracker.shaw.DisconnectCases" name="Disconnect_XPOD_Rental_Package_Exisitng_Customer">
    <skipped/>
  </testcase> <!-- Disconnect_XPOD_Rental_Package_Exisitng_Customer -->
  <system-out/>
</testsuite> <!-- com.netcracker.shaw.DisconnectCases -->
