<?xml version="1.0" encoding="UTF-8"?>
<!-- Generated by org.testng.reporters.JUnitReportReporter -->
<testsuite hostname="WSMHD-1289" name="com.netcracker.shaw.SoupUI_RestAPICases" tests="1" failures="0" timestamp="9 Oct 2019 16:36:39 GMT" time="7.928" errors="0">
  <testcase name="Execute_GetAc_Equipment_SlNBR_Endpoint_GetDetails_TriplePlayXB6_X1Gateway" time="7.928" classname="com.netcracker.shaw.SoupUI_RestAPICases"/>
</testsuite> <!-- com.netcracker.shaw.SoupUI_RestAPICases -->
